C:\Program Files (x86)\Microsoft Visual Studio\2017\Professional\VC\Tools\MSVC\14.14.26428\bin\HostX64\x64\cl.exe
    /c /nologo /Ox /W3 /GL /DNDEBUG /MD
    -IC:\FEI\Python\EDM\envs\AutoStar_test\include
    -IC:\FEI\Python\EDM\envs\AutoStar_test\include
    "-IC:\Program Files (x86)\Microsoft Visual Studio\2017\Professional\VC\Tools\MSVC\14.14.26428\ATLMFC\include"
    "-IC:\Program Files (x86)\Microsoft Visual Studio\2017\Professional\VC\Tools\MSVC\14.14.26428\include"
    "-IC:\Program Files (x86)\Windows Kits\NETFXSDK\4.6.1\include\um"
    "-IC:\Program Files (x86)\Windows Kits\10\include\10.0.10240.0\ucrt"
    "-IC:\Program Files (x86)\Windows Kits\8.1\include\\shared"
    "-IC:\Program Files (x86)\Windows Kits\8.1\include\\um"
    "-IC:\Program Files (x86)\Windows Kits\8.1\include\\winrt"
    "-IC:\Program Files (x86)\Windows Kits\8.1\include\\cppwinrt"
    /TcE:\SB\autostar\AUTOSTAR_COMMON\python\cythonized\fei_common\applications\sherpa\infra\application_logger.c
    /FoE:\SB\autostar\build\temp.win-amd64-3.6\Release\SB\autostar\AUTOSTAR_COMMON\python\cythonized\fei_common\applications\sherpa\infra\application_logger.obj
    -Zi

application_logger.c
C:\Program Files (x86)\Microsoft Visual Studio\2017\Professional\VC\Tools\MSVC\14.14.26428\bin\HostX64\x64\link.exe
    /nologo /INCREMENTAL:NO /LTCG /DLL /MANIFEST:EMBED,ID=2 /MANIFESTUAC:NO
    /LIBPATH:C:\FEI\Python\EDM\envs\AutoStar_test\libs
    /LIBPATH:C:\FEI\Python\EDM\envs\AutoStar_test\PCbuild\amd64
    "/LIBPATH:C:\Program Files (x86)\Microsoft Visual Studio\2017\Professional\VC\Tools\MSVC\14.14.26428\ATLMFC\lib\x64"
    "/LIBPATH:C:\Program Files (x86)\Microsoft Visual Studio\2017\Professional\VC\Tools\MSVC\14.14.26428\lib\x64"
    "/LIBPATH:C:\Program Files (x86)\Windows Kits\NETFXSDK\4.6.1\lib\um\x64"
    "/LIBPATH:C:\Program Files (x86)\Windows Kits\10\lib\10.0.10240.0\ucrt\x64"
    "/LIBPATH:C:\Program Files (x86)\Windows Kits\8.1\lib\winv6.3\um\x64"
    ole32.lib oleaut32.lib advapi32.lib
    /EXPORT:PyInit_application_logger E:\SB\autostar\build\temp.win-amd64-3.6\Release\SB\autostar\AUTOSTAR_COMMON\python\cythonized\fei_common\applications\sherpa\infra\application_logger.obj
    /OUT:E:\SB\autostar\AUTOSTAR_COMMON\python\cythonized\fei_common\applications\sherpa\infra\application_logger.cp36-win_amd64.pyd
    /IMPLIB:E:\SB\autostar\build\temp.win-amd64-3.6\Release\SB\autostar\AUTOSTAR_COMMON\python\cythonized\fei_common\applications\sherpa\infra\application_logger.cp36-win_amd64.lib
    /IGNORE:4197 -debug:full
Creating library E:\SB\autostar\build\temp.win-amd64-3.6\Release\SB\autostar\AUTOSTAR_COMMON\python\cythonized\fei_common\applications\sherpa\infra\application_logger.cp36-win_amd64.lib
    and object E:\SB\autostar\build\temp.win-amd64-3.6\Release\SB\autostar\AUTOSTAR_COMMON\python\cythonized\fei_common\applications\sherpa\infra\application_logger.cp36-win_amd64.exp
Generating code
Finished generating code
